{"/home/ichlasul/Documents/Hactiv8/Phase2.1/ecommerce-admin-server/app.js": {"path":"/home/ichlasul/Documents/Hactiv8/Phase2.1/ecommerce-admin-server/app.js","statementMap":{"0":{"start":{"line":1,"column":16},"end":{"line":1,"column":34}},"1":{"start":{"line":2,"column":12},"end":{"line":2,"column":21}},"2":{"start":{"line":3,"column":11},"end":{"line":3,"column":26}},"3":{"start":{"line":4,"column":15},"end":{"line":4,"column":40}},"4":{"start":{"line":5,"column":21},"end":{"line":5,"column":57}},"5":{"start":{"line":6,"column":0},"end":{"line":6,"column":47}},"6":{"start":{"line":7,"column":0},"end":{"line":7,"column":23}},"7":{"start":{"line":8,"column":0},"end":{"line":8,"column":15}},"8":{"start":{"line":9,"column":0},"end":{"line":9,"column":20}},"9":{"start":{"line":10,"column":0},"end":{"line":10,"column":21}},"10":{"start":{"line":11,"column":0},"end":{"line":11,"column":20}}},"fnMap":{},"branchMap":{},"s":{"0":3,"1":3,"2":3,"3":3,"4":3,"5":3,"6":3,"7":3,"8":3,"9":3,"10":3},"f":{},"b":{},"_coverageSchema":"1a1c01bbd47fc00a2c39e90264f33305004495a9","hash":"7f322da411d7a80db33d58c1344926f05b9ce731"}
,"/home/ichlasul/Documents/Hactiv8/Phase2.1/ecommerce-admin-server/controllers/controllerChart.js": {"path":"/home/ichlasul/Documents/Hactiv8/Phase2.1/ecommerce-admin-server/controllers/controllerChart.js","statementMap":{"0":{"start":{"line":1,"column":27},"end":{"line":1,"column":53}},"1":{"start":{"line":5,"column":20},"end":{"line":9,"column":5}},"2":{"start":{"line":14,"column":4},"end":{"line":14,"column":40}},"3":{"start":{"line":15,"column":4},"end":{"line":15,"column":41}},"4":{"start":{"line":16,"column":4},"end":{"line":16,"column":38}},"5":{"start":{"line":17,"column":4},"end":{"line":17,"column":24}},"6":{"start":{"line":20,"column":4},"end":{"line":68,"column":5}},"7":{"start":{"line":21,"column":20},"end":{"line":27,"column":8}},"8":{"start":{"line":31,"column":6},"end":{"line":60,"column":7}},"9":{"start":{"line":32,"column":8},"end":{"line":32,"column":26}},"10":{"start":{"line":33,"column":28},"end":{"line":33,"column":61}},"11":{"start":{"line":36,"column":8},"end":{"line":49,"column":9}},"12":{"start":{"line":39,"column":10},"end":{"line":39,"column":40}},"13":{"start":{"line":41,"column":23},"end":{"line":45,"column":12}},"14":{"start":{"line":46,"column":10},"end":{"line":48,"column":12}},"15":{"start":{"line":54,"column":8},"end":{"line":59,"column":9}},"16":{"start":{"line":55,"column":24},"end":{"line":55,"column":51}},"17":{"start":{"line":56,"column":10},"end":{"line":56,"column":37}},"18":{"start":{"line":58,"column":10},"end":{"line":58,"column":26}},"19":{"start":{"line":64,"column":6},"end":{"line":64,"column":27}},"20":{"start":{"line":65,"column":6},"end":{"line":67,"column":8}},"21":{"start":{"line":71,"column":19},"end":{"line":71,"column":35}},"22":{"start":{"line":72,"column":4},"end":{"line":86,"column":5}},"23":{"start":{"line":73,"column":21},"end":{"line":79,"column":8}},"24":{"start":{"line":80,"column":6},"end":{"line":82,"column":8}},"25":{"start":{"line":84,"column":6},"end":{"line":84,"column":22}},"26":{"start":{"line":85,"column":6},"end":{"line":85,"column":15}},"27":{"start":{"line":89,"column":4},"end":{"line":107,"column":5}},"28":{"start":{"line":91,"column":20},"end":{"line":96,"column":8}},"29":{"start":{"line":97,"column":6},"end":{"line":103,"column":7}},"30":{"start":{"line":98,"column":8},"end":{"line":100,"column":10}},"31":{"start":{"line":102,"column":8},"end":{"line":102,"column":43}},"32":{"start":{"line":105,"column":6},"end":{"line":105,"column":15}},"33":{"start":{"line":106,"column":6},"end":{"line":106,"column":22}},"34":{"start":{"line":110,"column":4},"end":{"line":145,"column":5}},"35":{"start":{"line":111,"column":22},"end":{"line":114,"column":7}},"36":{"start":{"line":116,"column":20},"end":{"line":122,"column":8}},"37":{"start":{"line":126,"column":6},"end":{"line":142,"column":7}},"38":{"start":{"line":127,"column":8},"end":{"line":139,"column":9}},"39":{"start":{"line":128,"column":30},"end":{"line":128,"column":48}},"40":{"start":{"line":129,"column":23},"end":{"line":133,"column":12}},"41":{"start":{"line":134,"column":10},"end":{"line":136,"column":12}},"42":{"start":{"line":138,"column":10},"end":{"line":138,"column":58}},"43":{"start":{"line":141,"column":8},"end":{"line":141,"column":35}},"44":{"start":{"line":144,"column":6},"end":{"line":144,"column":15}},"45":{"start":{"line":148,"column":0},"end":{"line":148,"column":32}}},"fnMap":{"0":{"name":"(anonymous_0)","decl":{"start":{"line":4,"column":2},"end":{"line":4,"column":3}},"loc":{"start":{"line":4,"column":44},"end":{"line":69,"column":3}},"line":4},"1":{"name":"(anonymous_1)","decl":{"start":{"line":70,"column":2},"end":{"line":70,"column":3}},"loc":{"start":{"line":70,"column":41},"end":{"line":87,"column":3}},"line":70},"2":{"name":"(anonymous_2)","decl":{"start":{"line":88,"column":2},"end":{"line":88,"column":3}},"loc":{"start":{"line":88,"column":43},"end":{"line":108,"column":3}},"line":88},"3":{"name":"(anonymous_3)","decl":{"start":{"line":109,"column":2},"end":{"line":109,"column":3}},"loc":{"start":{"line":109,"column":40},"end":{"line":146,"column":3}},"line":109}},"branchMap":{"0":{"loc":{"start":{"line":31,"column":6},"end":{"line":60,"column":7}},"type":"if","locations":[{"start":{"line":31,"column":6},"end":{"line":60,"column":7}},{"start":{"line":31,"column":6},"end":{"line":60,"column":7}}],"line":31},"1":{"loc":{"start":{"line":36,"column":8},"end":{"line":49,"column":9}},"type":"if","locations":[{"start":{"line":36,"column":8},"end":{"line":49,"column":9}},{"start":{"line":36,"column":8},"end":{"line":49,"column":9}}],"line":36},"2":{"loc":{"start":{"line":97,"column":6},"end":{"line":103,"column":7}},"type":"if","locations":[{"start":{"line":97,"column":6},"end":{"line":103,"column":7}},{"start":{"line":97,"column":6},"end":{"line":103,"column":7}}],"line":97},"3":{"loc":{"start":{"line":126,"column":6},"end":{"line":142,"column":7}},"type":"if","locations":[{"start":{"line":126,"column":6},"end":{"line":142,"column":7}},{"start":{"line":126,"column":6},"end":{"line":142,"column":7}}],"line":126},"4":{"loc":{"start":{"line":127,"column":8},"end":{"line":139,"column":9}},"type":"if","locations":[{"start":{"line":127,"column":8},"end":{"line":139,"column":9}},{"start":{"line":127,"column":8},"end":{"line":139,"column":9}}],"line":127}},"s":{"0":3,"1":1,"2":1,"3":1,"4":1,"5":1,"6":1,"7":1,"8":1,"9":0,"10":0,"11":0,"12":0,"13":0,"14":0,"15":1,"16":1,"17":1,"18":0,"19":0,"20":0,"21":1,"22":1,"23":1,"24":1,"25":0,"26":0,"27":1,"28":1,"29":1,"30":1,"31":0,"32":0,"33":0,"34":0,"35":0,"36":0,"37":0,"38":0,"39":0,"40":0,"41":0,"42":0,"43":0,"44":0,"45":3},"f":{"0":1,"1":1,"2":1,"3":0},"b":{"0":[0,1],"1":[0,0],"2":[1,0],"3":[0,0],"4":[0,0]},"_coverageSchema":"1a1c01bbd47fc00a2c39e90264f33305004495a9","hash":"4bedb0fcfccdead2dc014e99cdb7efd8104abd47"}
,"/home/ichlasul/Documents/Hactiv8/Phase2.1/ecommerce-admin-server/controllers/controllerProduct.js": {"path":"/home/ichlasul/Documents/Hactiv8/Phase2.1/ecommerce-admin-server/controllers/controllerProduct.js","statementMap":{"0":{"start":{"line":1,"column":20},"end":{"line":1,"column":46}},"1":{"start":{"line":6,"column":4},"end":{"line":11,"column":5}},"2":{"start":{"line":7,"column":22},"end":{"line":7,"column":45}},"3":{"start":{"line":8,"column":6},"end":{"line":8,"column":35}},"4":{"start":{"line":10,"column":6},"end":{"line":10,"column":15}},"5":{"start":{"line":14,"column":4},"end":{"line":19,"column":5}},"6":{"start":{"line":15,"column":22},"end":{"line":15,"column":59}},"7":{"start":{"line":16,"column":6},"end":{"line":16,"column":35}},"8":{"start":{"line":18,"column":6},"end":{"line":18,"column":15}},"9":{"start":{"line":22,"column":46},"end":{"line":22,"column":54}},"10":{"start":{"line":23,"column":4},"end":{"line":23,"column":25}},"11":{"start":{"line":25,"column":4},"end":{"line":31,"column":5}},"12":{"start":{"line":26,"column":25},"end":{"line":26,"column":80}},"13":{"start":{"line":28,"column":6},"end":{"line":28,"column":38}},"14":{"start":{"line":30,"column":6},"end":{"line":30,"column":15}},"15":{"start":{"line":34,"column":4},"end":{"line":34,"column":30}},"16":{"start":{"line":35,"column":4},"end":{"line":52,"column":5}},"17":{"start":{"line":36,"column":22},"end":{"line":36,"column":59}},"18":{"start":{"line":37,"column":6},"end":{"line":48,"column":7}},"19":{"start":{"line":38,"column":8},"end":{"line":38,"column":35}},"20":{"start":{"line":40,"column":8},"end":{"line":44,"column":10}},"21":{"start":{"line":45,"column":8},"end":{"line":47,"column":10}},"22":{"start":{"line":51,"column":6},"end":{"line":51,"column":15}},"23":{"start":{"line":55,"column":4},"end":{"line":71,"column":5}},"24":{"start":{"line":56,"column":22},"end":{"line":56,"column":59}},"25":{"start":{"line":57,"column":6},"end":{"line":68,"column":7}},"26":{"start":{"line":58,"column":8},"end":{"line":58,"column":35}},"27":{"start":{"line":60,"column":30},"end":{"line":64,"column":10}},"28":{"start":{"line":65,"column":8},"end":{"line":67,"column":10}},"29":{"start":{"line":70,"column":6},"end":{"line":70,"column":15}},"30":{"start":{"line":76,"column":0},"end":{"line":76,"column":34}}},"fnMap":{"0":{"name":"(anonymous_0)","decl":{"start":{"line":5,"column":2},"end":{"line":5,"column":3}},"loc":{"start":{"line":5,"column":43},"end":{"line":12,"column":3}},"line":5},"1":{"name":"(anonymous_1)","decl":{"start":{"line":13,"column":2},"end":{"line":13,"column":3}},"loc":{"start":{"line":13,"column":42},"end":{"line":20,"column":3}},"line":13},"2":{"name":"(anonymous_2)","decl":{"start":{"line":21,"column":2},"end":{"line":21,"column":3}},"loc":{"start":{"line":21,"column":44},"end":{"line":32,"column":3}},"line":21},"3":{"name":"(anonymous_3)","decl":{"start":{"line":33,"column":2},"end":{"line":33,"column":3}},"loc":{"start":{"line":33,"column":46},"end":{"line":53,"column":3}},"line":33},"4":{"name":"(anonymous_4)","decl":{"start":{"line":54,"column":2},"end":{"line":54,"column":3}},"loc":{"start":{"line":54,"column":45},"end":{"line":72,"column":3}},"line":54}},"branchMap":{"0":{"loc":{"start":{"line":37,"column":6},"end":{"line":48,"column":7}},"type":"if","locations":[{"start":{"line":37,"column":6},"end":{"line":48,"column":7}},{"start":{"line":37,"column":6},"end":{"line":48,"column":7}}],"line":37},"1":{"loc":{"start":{"line":57,"column":6},"end":{"line":68,"column":7}},"type":"if","locations":[{"start":{"line":57,"column":6},"end":{"line":68,"column":7}},{"start":{"line":57,"column":6},"end":{"line":68,"column":7}}],"line":57}},"s":{"0":3,"1":1,"2":1,"3":1,"4":0,"5":1,"6":1,"7":1,"8":0,"9":3,"10":3,"11":3,"12":3,"13":1,"14":2,"15":2,"16":2,"17":2,"18":2,"19":1,"20":1,"21":1,"22":1,"23":3,"24":3,"25":3,"26":0,"27":3,"28":1,"29":2,"30":3},"f":{"0":1,"1":1,"2":3,"3":2,"4":3},"b":{"0":[1,1],"1":[0,3]},"_coverageSchema":"1a1c01bbd47fc00a2c39e90264f33305004495a9","hash":"a08248e75eb92125d82fe15c031a5f3d4e52b44e"}
,"/home/ichlasul/Documents/Hactiv8/Phase2.1/ecommerce-admin-server/controllers/controllerUser.js": {"path":"/home/ichlasul/Documents/Hactiv8/Phase2.1/ecommerce-admin-server/controllers/controllerUser.js","statementMap":{"0":{"start":{"line":1,"column":17},"end":{"line":1,"column":43}},"1":{"start":{"line":2,"column":28},"end":{"line":2,"column":56}},"2":{"start":{"line":3,"column":22},"end":{"line":3,"column":47}},"3":{"start":{"line":8,"column":26},"end":{"line":8,"column":43}},"4":{"start":{"line":9,"column":4},"end":{"line":32,"column":5}},"5":{"start":{"line":10,"column":19},"end":{"line":14,"column":8}},"6":{"start":{"line":15,"column":31},"end":{"line":15,"column":56}},"7":{"start":{"line":16,"column":6},"end":{"line":28,"column":7}},"8":{"start":{"line":17,"column":8},"end":{"line":17,"column":52}},"9":{"start":{"line":18,"column":13},"end":{"line":28,"column":7}},"10":{"start":{"line":19,"column":8},"end":{"line":19,"column":52}},"11":{"start":{"line":21,"column":24},"end":{"line":23,"column":9}},"12":{"start":{"line":24,"column":22},"end":{"line":24,"column":40}},"13":{"start":{"line":25,"column":8},"end":{"line":27,"column":10}},"14":{"start":{"line":30,"column":6},"end":{"line":30,"column":29}},"15":{"start":{"line":31,"column":6},"end":{"line":31,"column":15}},"16":{"start":{"line":35,"column":4},"end":{"line":62,"column":5}},"17":{"start":{"line":36,"column":6},"end":{"line":36,"column":27}},"18":{"start":{"line":37,"column":34},"end":{"line":37,"column":42}},"19":{"start":{"line":39,"column":24},"end":{"line":41,"column":8}},"20":{"start":{"line":43,"column":6},"end":{"line":57,"column":7}},"21":{"start":{"line":44,"column":8},"end":{"line":44,"column":46}},"22":{"start":{"line":46,"column":8},"end":{"line":46,"column":37}},"23":{"start":{"line":47,"column":29},"end":{"line":50,"column":10}},"24":{"start":{"line":52,"column":8},"end":{"line":56,"column":9}},"25":{"start":{"line":53,"column":10},"end":{"line":55,"column":12}},"26":{"start":{"line":60,"column":6},"end":{"line":60,"column":22}},"27":{"start":{"line":61,"column":6},"end":{"line":61,"column":15}},"28":{"start":{"line":66,"column":0},"end":{"line":66,"column":31}}},"fnMap":{"0":{"name":"(anonymous_0)","decl":{"start":{"line":6,"column":2},"end":{"line":6,"column":3}},"loc":{"start":{"line":6,"column":46},"end":{"line":33,"column":3}},"line":6},"1":{"name":"(anonymous_1)","decl":{"start":{"line":34,"column":2},"end":{"line":34,"column":3}},"loc":{"start":{"line":34,"column":49},"end":{"line":63,"column":3}},"line":34}},"branchMap":{"0":{"loc":{"start":{"line":15,"column":31},"end":{"line":15,"column":56}},"type":"cond-expr","locations":[{"start":{"line":15,"column":38},"end":{"line":15,"column":51}},{"start":{"line":15,"column":54},"end":{"line":15,"column":56}}],"line":15},"1":{"loc":{"start":{"line":16,"column":6},"end":{"line":28,"column":7}},"type":"if","locations":[{"start":{"line":16,"column":6},"end":{"line":28,"column":7}},{"start":{"line":16,"column":6},"end":{"line":28,"column":7}}],"line":16},"2":{"loc":{"start":{"line":18,"column":13},"end":{"line":28,"column":7}},"type":"if","locations":[{"start":{"line":18,"column":13},"end":{"line":28,"column":7}},{"start":{"line":18,"column":13},"end":{"line":28,"column":7}}],"line":18},"3":{"loc":{"start":{"line":43,"column":6},"end":{"line":57,"column":7}},"type":"if","locations":[{"start":{"line":43,"column":6},"end":{"line":57,"column":7}},{"start":{"line":43,"column":6},"end":{"line":57,"column":7}}],"line":43},"4":{"loc":{"start":{"line":52,"column":8},"end":{"line":56,"column":9}},"type":"if","locations":[{"start":{"line":52,"column":8},"end":{"line":56,"column":9}},{"start":{"line":52,"column":8},"end":{"line":56,"column":9}}],"line":52}},"s":{"0":3,"1":3,"2":3,"3":3,"4":3,"5":3,"6":3,"7":3,"8":1,"9":2,"10":1,"11":1,"12":1,"13":1,"14":2,"15":2,"16":5,"17":5,"18":5,"19":5,"20":5,"21":1,"22":4,"23":4,"24":1,"25":1,"26":4,"27":4,"28":3},"f":{"0":3,"1":5},"b":{"0":[2,1],"1":[1,2],"2":[1,1],"3":[1,4],"4":[1,0]},"_coverageSchema":"1a1c01bbd47fc00a2c39e90264f33305004495a9","hash":"6d320dc51390b5bff708b3b988303ded2d93bfa7"}
,"/home/ichlasul/Documents/Hactiv8/Phase2.1/ecommerce-admin-server/helpers/bcrypt.js": {"path":"/home/ichlasul/Documents/Hactiv8/Phase2.1/ecommerce-admin-server/helpers/bcrypt.js","statementMap":{"0":{"start":{"line":1,"column":15},"end":{"line":1,"column":34}},"1":{"start":{"line":4,"column":15},"end":{"line":4,"column":36}},"2":{"start":{"line":5,"column":15},"end":{"line":5,"column":46}},"3":{"start":{"line":6,"column":2},"end":{"line":6,"column":13}},"4":{"start":{"line":10,"column":2},"end":{"line":10,"column":62}},"5":{"start":{"line":14,"column":0},"end":{"line":17,"column":1}}},"fnMap":{"0":{"name":"hashPassword","decl":{"start":{"line":3,"column":9},"end":{"line":3,"column":21}},"loc":{"start":{"line":3,"column":32},"end":{"line":7,"column":1}},"line":3},"1":{"name":"comparePassword","decl":{"start":{"line":9,"column":9},"end":{"line":9,"column":24}},"loc":{"start":{"line":9,"column":60},"end":{"line":11,"column":1}},"line":9}},"branchMap":{},"s":{"0":3,"1":1,"2":1,"3":1,"4":2,"5":3},"f":{"0":1,"1":2},"b":{},"_coverageSchema":"1a1c01bbd47fc00a2c39e90264f33305004495a9","hash":"3684735f0e610209d554993d1e7bff88c891af38"}
,"/home/ichlasul/Documents/Hactiv8/Phase2.1/ecommerce-admin-server/helpers/jwt.js": {"path":"/home/ichlasul/Documents/Hactiv8/Phase2.1/ecommerce-admin-server/helpers/jwt.js","statementMap":{"0":{"start":{"line":1,"column":12},"end":{"line":1,"column":35}},"1":{"start":{"line":4,"column":16},"end":{"line":4,"column":47}},"2":{"start":{"line":5,"column":2},"end":{"line":5,"column":14}},"3":{"start":{"line":9,"column":18},"end":{"line":9,"column":49}},"4":{"start":{"line":10,"column":2},"end":{"line":10,"column":16}},"5":{"start":{"line":13,"column":0},"end":{"line":16,"column":1}}},"fnMap":{"0":{"name":"signToken","decl":{"start":{"line":3,"column":9},"end":{"line":3,"column":18}},"loc":{"start":{"line":3,"column":28},"end":{"line":6,"column":1}},"line":3},"1":{"name":"verifyToken","decl":{"start":{"line":8,"column":9},"end":{"line":8,"column":20}},"loc":{"start":{"line":8,"column":28},"end":{"line":11,"column":1}},"line":8}},"branchMap":{},"s":{"0":3,"1":1,"2":1,"3":11,"4":11,"5":3},"f":{"0":1,"1":11},"b":{},"_coverageSchema":"1a1c01bbd47fc00a2c39e90264f33305004495a9","hash":"374763649934be44fdad79809a24554443016e78"}
,"/home/ichlasul/Documents/Hactiv8/Phase2.1/ecommerce-admin-server/midlewares/auth.js": {"path":"/home/ichlasul/Documents/Hactiv8/Phase2.1/ecommerce-admin-server/midlewares/auth.js","statementMap":{"0":{"start":{"line":1,"column":17},"end":{"line":1,"column":43}},"1":{"start":{"line":2,"column":24},"end":{"line":2,"column":49}},"2":{"start":{"line":5,"column":16},"end":{"line":5,"column":33}},"3":{"start":{"line":6,"column":2},"end":{"line":28,"column":3}},"4":{"start":{"line":7,"column":4},"end":{"line":23,"column":5}},"5":{"start":{"line":8,"column":6},"end":{"line":8,"column":42}},"6":{"start":{"line":10,"column":22},"end":{"line":10,"column":40}},"7":{"start":{"line":11,"column":6},"end":{"line":11,"column":26}},"8":{"start":{"line":12,"column":19},"end":{"line":16,"column":8}},"9":{"start":{"line":17,"column":6},"end":{"line":22,"column":7}},"10":{"start":{"line":18,"column":8},"end":{"line":18,"column":41}},"11":{"start":{"line":20,"column":8},"end":{"line":20,"column":28}},"12":{"start":{"line":21,"column":8},"end":{"line":21,"column":14}},"13":{"start":{"line":25,"column":4},"end":{"line":27,"column":6}},"14":{"start":{"line":32,"column":19},"end":{"line":32,"column":37}},"15":{"start":{"line":33,"column":2},"end":{"line":33,"column":23}},"16":{"start":{"line":34,"column":2},"end":{"line":44,"column":3}},"17":{"start":{"line":35,"column":4},"end":{"line":39,"column":5}},"18":{"start":{"line":36,"column":6},"end":{"line":36,"column":38}},"19":{"start":{"line":38,"column":6},"end":{"line":38,"column":12}},"20":{"start":{"line":41,"column":4},"end":{"line":43,"column":6}},"21":{"start":{"line":49,"column":0},"end":{"line":52,"column":1}}},"fnMap":{"0":{"name":"authentication","decl":{"start":{"line":4,"column":15},"end":{"line":4,"column":29}},"loc":{"start":{"line":4,"column":46},"end":{"line":29,"column":1}},"line":4},"1":{"name":"isAdmin","decl":{"start":{"line":30,"column":15},"end":{"line":30,"column":22}},"loc":{"start":{"line":30,"column":39},"end":{"line":47,"column":1}},"line":30}},"branchMap":{"0":{"loc":{"start":{"line":7,"column":4},"end":{"line":23,"column":5}},"type":"if","locations":[{"start":{"line":7,"column":4},"end":{"line":23,"column":5}},{"start":{"line":7,"column":4},"end":{"line":23,"column":5}}],"line":7},"1":{"loc":{"start":{"line":17,"column":6},"end":{"line":22,"column":7}},"type":"if","locations":[{"start":{"line":17,"column":6},"end":{"line":22,"column":7}},{"start":{"line":17,"column":6},"end":{"line":22,"column":7}}],"line":17},"2":{"loc":{"start":{"line":35,"column":4},"end":{"line":39,"column":5}},"type":"if","locations":[{"start":{"line":35,"column":4},"end":{"line":39,"column":5}},{"start":{"line":35,"column":4},"end":{"line":39,"column":5}}],"line":35}},"s":{"0":3,"1":3,"2":11,"3":11,"4":11,"5":0,"6":11,"7":11,"8":11,"9":11,"10":0,"11":11,"12":11,"13":0,"14":8,"15":8,"16":8,"17":8,"18":0,"19":8,"20":0,"21":3},"f":{"0":11,"1":8},"b":{"0":[0,11],"1":[0,11],"2":[0,8]},"_coverageSchema":"1a1c01bbd47fc00a2c39e90264f33305004495a9","hash":"7abb8d978ac2aa998050d082d78a6b938dff9ceb"}
,"/home/ichlasul/Documents/Hactiv8/Phase2.1/ecommerce-admin-server/midlewares/errorHandler.js": {"path":"/home/ichlasul/Documents/Hactiv8/Phase2.1/ecommerce-admin-server/midlewares/errorHandler.js","statementMap":{"0":{"start":{"line":1,"column":21},"end":{"line":56,"column":1}},"1":{"start":{"line":2,"column":2},"end":{"line":55,"column":3}},"2":{"start":{"line":4,"column":6},"end":{"line":4,"column":30}},"3":{"start":{"line":5,"column":21},"end":{"line":7,"column":9}},"4":{"start":{"line":5,"column":46},"end":{"line":7,"column":7}},"5":{"start":{"line":8,"column":6},"end":{"line":10,"column":8}},"6":{"start":{"line":11,"column":6},"end":{"line":11,"column":12}},"7":{"start":{"line":13,"column":6},"end":{"line":15,"column":8}},"8":{"start":{"line":17,"column":6},"end":{"line":17,"column":12}},"9":{"start":{"line":19,"column":6},"end":{"line":21,"column":8}},"10":{"start":{"line":23,"column":6},"end":{"line":23,"column":12}},"11":{"start":{"line":25,"column":6},"end":{"line":27,"column":8}},"12":{"start":{"line":29,"column":6},"end":{"line":29,"column":12}},"13":{"start":{"line":31,"column":6},"end":{"line":33,"column":8}},"14":{"start":{"line":34,"column":6},"end":{"line":34,"column":12}},"15":{"start":{"line":36,"column":6},"end":{"line":38,"column":8}},"16":{"start":{"line":39,"column":6},"end":{"line":39,"column":12}},"17":{"start":{"line":41,"column":6},"end":{"line":43,"column":8}},"18":{"start":{"line":44,"column":6},"end":{"line":44,"column":12}},"19":{"start":{"line":46,"column":6},"end":{"line":48,"column":8}},"20":{"start":{"line":50,"column":6},"end":{"line":50,"column":12}},"21":{"start":{"line":52,"column":6},"end":{"line":54,"column":8}},"22":{"start":{"line":57,"column":0},"end":{"line":57,"column":29}}},"fnMap":{"0":{"name":"(anonymous_0)","decl":{"start":{"line":1,"column":21},"end":{"line":1,"column":22}},"loc":{"start":{"line":1,"column":46},"end":{"line":56,"column":1}},"line":1},"1":{"name":"(anonymous_1)","decl":{"start":{"line":5,"column":36},"end":{"line":5,"column":37}},"loc":{"start":{"line":5,"column":46},"end":{"line":7,"column":7}},"line":5}},"branchMap":{"0":{"loc":{"start":{"line":2,"column":2},"end":{"line":55,"column":3}},"type":"switch","locations":[{"start":{"line":3,"column":4},"end":{"line":11,"column":12}},{"start":{"line":12,"column":4},"end":{"line":17,"column":12}},{"start":{"line":18,"column":4},"end":{"line":23,"column":12}},{"start":{"line":24,"column":4},"end":{"line":29,"column":12}},{"start":{"line":30,"column":4},"end":{"line":34,"column":12}},{"start":{"line":35,"column":4},"end":{"line":39,"column":12}},{"start":{"line":40,"column":4},"end":{"line":44,"column":12}},{"start":{"line":45,"column":4},"end":{"line":50,"column":12}},{"start":{"line":51,"column":4},"end":{"line":54,"column":8}}],"line":2}},"s":{"0":3,"1":11,"2":7,"3":7,"4":18,"5":7,"6":7,"7":0,"8":0,"9":0,"10":0,"11":0,"12":0,"13":2,"14":2,"15":1,"16":1,"17":0,"18":0,"19":1,"20":1,"21":0,"22":3},"f":{"0":11,"1":18},"b":{"0":[7,0,0,0,2,1,0,1,0]},"_coverageSchema":"1a1c01bbd47fc00a2c39e90264f33305004495a9","hash":"c32d4410f246d956b654d289b733b836480e9e00"}
,"/home/ichlasul/Documents/Hactiv8/Phase2.1/ecommerce-admin-server/models/chart.js": {"path":"/home/ichlasul/Documents/Hactiv8/Phase2.1/ecommerce-admin-server/models/chart.js","statementMap":{"0":{"start":{"line":4,"column":4},"end":{"line":4,"column":24}},"1":{"start":{"line":5,"column":0},"end":{"line":27,"column":2}},"2":{"start":{"line":14,"column":6},"end":{"line":14,"column":34}},"3":{"start":{"line":15,"column":6},"end":{"line":15,"column":37}},"4":{"start":{"line":18,"column":2},"end":{"line":25,"column":5}},"5":{"start":{"line":26,"column":2},"end":{"line":26,"column":15}}},"fnMap":{"0":{"name":"(anonymous_0)","decl":{"start":{"line":5,"column":17},"end":{"line":5,"column":18}},"loc":{"start":{"line":5,"column":43},"end":{"line":27,"column":1}},"line":5},"1":{"name":"(anonymous_1)","decl":{"start":{"line":12,"column":4},"end":{"line":12,"column":5}},"loc":{"start":{"line":12,"column":29},"end":{"line":16,"column":5}},"line":12}},"branchMap":{},"s":{"0":3,"1":3,"2":3,"3":3,"4":3,"5":3},"f":{"0":3,"1":3},"b":{},"_coverageSchema":"1a1c01bbd47fc00a2c39e90264f33305004495a9","hash":"ba3a8fb82193fc26c25668fc91d1da290b423522"}
,"/home/ichlasul/Documents/Hactiv8/Phase2.1/ecommerce-admin-server/models/index.js": {"path":"/home/ichlasul/Documents/Hactiv8/Phase2.1/ecommerce-admin-server/models/index.js","statementMap":{"0":{"start":{"line":3,"column":11},"end":{"line":3,"column":24}},"1":{"start":{"line":4,"column":13},"end":{"line":4,"column":28}},"2":{"start":{"line":5,"column":18},"end":{"line":5,"column":38}},"3":{"start":{"line":6,"column":17},"end":{"line":6,"column":42}},"4":{"start":{"line":7,"column":12},"end":{"line":7,"column":49}},"5":{"start":{"line":8,"column":15},"end":{"line":8,"column":65}},"6":{"start":{"line":9,"column":11},"end":{"line":9,"column":13}},"7":{"start":{"line":12,"column":0},"end":{"line":16,"column":1}},"8":{"start":{"line":13,"column":2},"end":{"line":13,"column":74}},"9":{"start":{"line":15,"column":2},"end":{"line":15,"column":87}},"10":{"start":{"line":18,"column":0},"end":{"line":26,"column":5}},"11":{"start":{"line":21,"column":4},"end":{"line":21,"column":90}},"12":{"start":{"line":24,"column":18},"end":{"line":24,"column":85}},"13":{"start":{"line":25,"column":4},"end":{"line":25,"column":27}},"14":{"start":{"line":28,"column":0},"end":{"line":32,"column":3}},"15":{"start":{"line":29,"column":2},"end":{"line":31,"column":3}},"16":{"start":{"line":30,"column":4},"end":{"line":30,"column":32}},"17":{"start":{"line":34,"column":0},"end":{"line":34,"column":25}},"18":{"start":{"line":35,"column":0},"end":{"line":35,"column":25}},"19":{"start":{"line":37,"column":0},"end":{"line":37,"column":20}}},"fnMap":{"0":{"name":"(anonymous_0)","decl":{"start":{"line":20,"column":10},"end":{"line":20,"column":11}},"loc":{"start":{"line":20,"column":18},"end":{"line":22,"column":3}},"line":20},"1":{"name":"(anonymous_1)","decl":{"start":{"line":23,"column":11},"end":{"line":23,"column":12}},"loc":{"start":{"line":23,"column":19},"end":{"line":26,"column":3}},"line":23},"2":{"name":"(anonymous_2)","decl":{"start":{"line":28,"column":24},"end":{"line":28,"column":25}},"loc":{"start":{"line":28,"column":37},"end":{"line":32,"column":1}},"line":28}},"branchMap":{"0":{"loc":{"start":{"line":7,"column":12},"end":{"line":7,"column":49}},"type":"binary-expr","locations":[{"start":{"line":7,"column":12},"end":{"line":7,"column":32}},{"start":{"line":7,"column":36},"end":{"line":7,"column":49}}],"line":7},"1":{"loc":{"start":{"line":12,"column":0},"end":{"line":16,"column":1}},"type":"if","locations":[{"start":{"line":12,"column":0},"end":{"line":16,"column":1}},{"start":{"line":12,"column":0},"end":{"line":16,"column":1}}],"line":12},"2":{"loc":{"start":{"line":21,"column":11},"end":{"line":21,"column":89}},"type":"binary-expr","locations":[{"start":{"line":21,"column":12},"end":{"line":21,"column":35}},{"start":{"line":21,"column":41},"end":{"line":21,"column":58}},{"start":{"line":21,"column":64},"end":{"line":21,"column":88}}],"line":21},"3":{"loc":{"start":{"line":29,"column":2},"end":{"line":31,"column":3}},"type":"if","locations":[{"start":{"line":29,"column":2},"end":{"line":31,"column":3}},{"start":{"line":29,"column":2},"end":{"line":31,"column":3}}],"line":29}},"s":{"0":3,"1":3,"2":3,"3":3,"4":3,"5":3,"6":3,"7":3,"8":0,"9":3,"10":3,"11":12,"12":9,"13":9,"14":3,"15":9,"16":9,"17":3,"18":3,"19":3},"f":{"0":12,"1":9,"2":9},"b":{"0":[3,0],"1":[0,3],"2":[12,12,9],"3":[9,0]},"_coverageSchema":"1a1c01bbd47fc00a2c39e90264f33305004495a9","hash":"36a1e0dc7d6e4f8c658c5c5850c8f8191d5af9c1"}
,"/home/ichlasul/Documents/Hactiv8/Phase2.1/ecommerce-admin-server/models/product.js": {"path":"/home/ichlasul/Documents/Hactiv8/Phase2.1/ecommerce-admin-server/models/product.js","statementMap":{"0":{"start":{"line":4,"column":4},"end":{"line":4,"column":24}},"1":{"start":{"line":5,"column":0},"end":{"line":64,"column":2}},"2":{"start":{"line":16,"column":2},"end":{"line":62,"column":5}},"3":{"start":{"line":63,"column":2},"end":{"line":63,"column":17}}},"fnMap":{"0":{"name":"(anonymous_0)","decl":{"start":{"line":5,"column":17},"end":{"line":5,"column":18}},"loc":{"start":{"line":5,"column":43},"end":{"line":64,"column":1}},"line":5},"1":{"name":"(anonymous_1)","decl":{"start":{"line":12,"column":4},"end":{"line":12,"column":5}},"loc":{"start":{"line":12,"column":29},"end":{"line":14,"column":5}},"line":12}},"branchMap":{},"s":{"0":3,"1":3,"2":3,"3":3},"f":{"0":3,"1":3},"b":{},"_coverageSchema":"1a1c01bbd47fc00a2c39e90264f33305004495a9","hash":"12aec3fce7603fd9262017853b37f5c520adf0e5"}
,"/home/ichlasul/Documents/Hactiv8/Phase2.1/ecommerce-admin-server/models/user.js": {"path":"/home/ichlasul/Documents/Hactiv8/Phase2.1/ecommerce-admin-server/models/user.js","statementMap":{"0":{"start":{"line":4,"column":4},"end":{"line":4,"column":24}},"1":{"start":{"line":5,"column":25},"end":{"line":5,"column":53}},"2":{"start":{"line":6,"column":0},"end":{"line":64,"column":2}},"3":{"start":{"line":17,"column":2},"end":{"line":62,"column":5}},"4":{"start":{"line":56,"column":8},"end":{"line":57,"column":51}},"5":{"start":{"line":63,"column":2},"end":{"line":63,"column":14}}},"fnMap":{"0":{"name":"(anonymous_0)","decl":{"start":{"line":6,"column":17},"end":{"line":6,"column":18}},"loc":{"start":{"line":6,"column":43},"end":{"line":64,"column":1}},"line":6},"1":{"name":"(anonymous_1)","decl":{"start":{"line":13,"column":4},"end":{"line":13,"column":5}},"loc":{"start":{"line":13,"column":29},"end":{"line":15,"column":5}},"line":13},"2":{"name":"(anonymous_2)","decl":{"start":{"line":55,"column":6},"end":{"line":55,"column":7}},"loc":{"start":{"line":55,"column":25},"end":{"line":58,"column":7}},"line":55}},"branchMap":{},"s":{"0":3,"1":3,"2":3,"3":3,"4":1,"5":3},"f":{"0":3,"1":3,"2":1},"b":{},"_coverageSchema":"1a1c01bbd47fc00a2c39e90264f33305004495a9","hash":"91c01cc59f8048c6e325f910590ce78555f3bf8b"}
,"/home/ichlasul/Documents/Hactiv8/Phase2.1/ecommerce-admin-server/routes/chartRouter.js": {"path":"/home/ichlasul/Documents/Hactiv8/Phase2.1/ecommerce-admin-server/routes/chartRouter.js","statementMap":{"0":{"start":{"line":1,"column":16},"end":{"line":1,"column":34}},"1":{"start":{"line":2,"column":15},"end":{"line":2,"column":31}},"2":{"start":{"line":4,"column":24},"end":{"line":4,"column":65}},"3":{"start":{"line":5,"column":27},"end":{"line":5,"column":56}},"4":{"start":{"line":7,"column":0},"end":{"line":7,"column":65}},"5":{"start":{"line":8,"column":0},"end":{"line":8,"column":62}},"6":{"start":{"line":9,"column":0},"end":{"line":9,"column":62}},"7":{"start":{"line":10,"column":0},"end":{"line":10,"column":69}},"8":{"start":{"line":12,"column":0},"end":{"line":12,"column":23}}},"fnMap":{},"branchMap":{},"s":{"0":3,"1":3,"2":3,"3":3,"4":3,"5":3,"6":3,"7":3,"8":3},"f":{},"b":{},"_coverageSchema":"1a1c01bbd47fc00a2c39e90264f33305004495a9","hash":"2ee1cbd664a80b22f0d2381ef4cd55e2df8319f6"}
,"/home/ichlasul/Documents/Hactiv8/Phase2.1/ecommerce-admin-server/routes/index.js": {"path":"/home/ichlasul/Documents/Hactiv8/Phase2.1/ecommerce-admin-server/routes/index.js","statementMap":{"0":{"start":{"line":1,"column":16},"end":{"line":1,"column":34}},"1":{"start":{"line":2,"column":15},"end":{"line":2,"column":31}},"2":{"start":{"line":4,"column":19},"end":{"line":4,"column":42}},"3":{"start":{"line":5,"column":22},"end":{"line":5,"column":48}},"4":{"start":{"line":6,"column":20},"end":{"line":6,"column":44}},"5":{"start":{"line":8,"column":0},"end":{"line":10,"column":2}},"6":{"start":{"line":9,"column":2},"end":{"line":9,"column":65}},"7":{"start":{"line":11,"column":0},"end":{"line":11,"column":32}},"8":{"start":{"line":12,"column":0},"end":{"line":12,"column":38}},"9":{"start":{"line":13,"column":0},"end":{"line":13,"column":33}},"10":{"start":{"line":15,"column":0},"end":{"line":15,"column":23}}},"fnMap":{"0":{"name":"(anonymous_0)","decl":{"start":{"line":8,"column":16},"end":{"line":8,"column":17}},"loc":{"start":{"line":8,"column":30},"end":{"line":10,"column":1}},"line":8}},"branchMap":{},"s":{"0":3,"1":3,"2":3,"3":3,"4":3,"5":3,"6":0,"7":3,"8":3,"9":3,"10":3},"f":{"0":0},"b":{},"_coverageSchema":"1a1c01bbd47fc00a2c39e90264f33305004495a9","hash":"893f160f9f007142d323e2ff1795cc38cb7c08bf"}
,"/home/ichlasul/Documents/Hactiv8/Phase2.1/ecommerce-admin-server/routes/productRouter.js": {"path":"/home/ichlasul/Documents/Hactiv8/Phase2.1/ecommerce-admin-server/routes/productRouter.js","statementMap":{"0":{"start":{"line":1,"column":16},"end":{"line":1,"column":34}},"1":{"start":{"line":2,"column":15},"end":{"line":2,"column":31}},"2":{"start":{"line":4,"column":26},"end":{"line":4,"column":69}},"3":{"start":{"line":5,"column":36},"end":{"line":5,"column":65}},"4":{"start":{"line":6,"column":0},"end":{"line":6,"column":46}},"5":{"start":{"line":7,"column":0},"end":{"line":7,"column":48}},"6":{"start":{"line":8,"column":0},"end":{"line":8,"column":73}},"7":{"start":{"line":9,"column":0},"end":{"line":9,"column":78}},"8":{"start":{"line":10,"column":0},"end":{"line":10,"column":80}},"9":{"start":{"line":12,"column":0},"end":{"line":12,"column":23}}},"fnMap":{},"branchMap":{},"s":{"0":3,"1":3,"2":3,"3":3,"4":3,"5":3,"6":3,"7":3,"8":3,"9":3},"f":{},"b":{},"_coverageSchema":"1a1c01bbd47fc00a2c39e90264f33305004495a9","hash":"83beb2cc75b61f30ee346a9657a9c5d8c6444abc"}
,"/home/ichlasul/Documents/Hactiv8/Phase2.1/ecommerce-admin-server/routes/userRouter.js": {"path":"/home/ichlasul/Documents/Hactiv8/Phase2.1/ecommerce-admin-server/routes/userRouter.js","statementMap":{"0":{"start":{"line":1,"column":16},"end":{"line":1,"column":34}},"1":{"start":{"line":2,"column":15},"end":{"line":2,"column":31}},"2":{"start":{"line":4,"column":23},"end":{"line":4,"column":63}},"3":{"start":{"line":6,"column":0},"end":{"line":6,"column":52}},"4":{"start":{"line":7,"column":0},"end":{"line":7,"column":58}},"5":{"start":{"line":9,"column":0},"end":{"line":9,"column":23}}},"fnMap":{},"branchMap":{},"s":{"0":3,"1":3,"2":3,"3":3,"4":3,"5":3},"f":{},"b":{},"_coverageSchema":"1a1c01bbd47fc00a2c39e90264f33305004495a9","hash":"130d678df34c07e1f5e7e84cd8287f667a05cfba"}
,"/home/ichlasul/Documents/Hactiv8/Phase2.1/ecommerce-admin-server/tests/helpers/cart-helpers.js": {"path":"/home/ichlasul/Documents/Hactiv8/Phase2.1/ecommerce-admin-server/tests/helpers/cart-helpers.js","statementMap":{"0":{"start":{"line":1,"column":18},"end":{"line":1,"column":47}},"1":{"start":{"line":4,"column":2},"end":{"line":6,"column":3}},"2":{"start":{"line":5,"column":4},"end":{"line":5,"column":43}},"3":{"start":{"line":9,"column":0},"end":{"line":11,"column":1}}},"fnMap":{"0":{"name":"clearChartsDatabase","decl":{"start":{"line":3,"column":15},"end":{"line":3,"column":34}},"loc":{"start":{"line":3,"column":37},"end":{"line":7,"column":1}},"line":3}},"branchMap":{"0":{"loc":{"start":{"line":4,"column":2},"end":{"line":6,"column":3}},"type":"if","locations":[{"start":{"line":4,"column":2},"end":{"line":6,"column":3}},{"start":{"line":4,"column":2},"end":{"line":6,"column":3}}],"line":4}},"s":{"0":1,"1":1,"2":1,"3":1},"f":{"0":1},"b":{"0":[1,0]},"_coverageSchema":"1a1c01bbd47fc00a2c39e90264f33305004495a9","hash":"95c878aa4e8f02c1739059fc5f7b1f7edca3b52e"}
,"/home/ichlasul/Documents/Hactiv8/Phase2.1/ecommerce-admin-server/tests/helpers/product-helpers.js": {"path":"/home/ichlasul/Documents/Hactiv8/Phase2.1/ecommerce-admin-server/tests/helpers/product-helpers.js","statementMap":{"0":{"start":{"line":1,"column":20},"end":{"line":1,"column":49}},"1":{"start":{"line":4,"column":2},"end":{"line":6,"column":3}},"2":{"start":{"line":5,"column":4},"end":{"line":5,"column":45}},"3":{"start":{"line":9,"column":0},"end":{"line":11,"column":1}}},"fnMap":{"0":{"name":"clearProductsDatabase","decl":{"start":{"line":3,"column":15},"end":{"line":3,"column":36}},"loc":{"start":{"line":3,"column":39},"end":{"line":7,"column":1}},"line":3}},"branchMap":{"0":{"loc":{"start":{"line":4,"column":2},"end":{"line":6,"column":3}},"type":"if","locations":[{"start":{"line":4,"column":2},"end":{"line":6,"column":3}},{"start":{"line":4,"column":2},"end":{"line":6,"column":3}}],"line":4}},"s":{"0":2,"1":2,"2":2,"3":2},"f":{"0":2},"b":{"0":[2,0]},"_coverageSchema":"1a1c01bbd47fc00a2c39e90264f33305004495a9","hash":"61df84e992044e11777b5498de945cd715c9b29b"}
,"/home/ichlasul/Documents/Hactiv8/Phase2.1/ecommerce-admin-server/tests/helpers/user-helpers.js": {"path":"/home/ichlasul/Documents/Hactiv8/Phase2.1/ecommerce-admin-server/tests/helpers/user-helpers.js","statementMap":{"0":{"start":{"line":1,"column":17},"end":{"line":1,"column":46}},"1":{"start":{"line":4,"column":2},"end":{"line":10,"column":3}},"2":{"start":{"line":5,"column":4},"end":{"line":9,"column":6}},"3":{"start":{"line":13,"column":0},"end":{"line":15,"column":1}}},"fnMap":{"0":{"name":"clearUsersDatabase","decl":{"start":{"line":3,"column":15},"end":{"line":3,"column":33}},"loc":{"start":{"line":3,"column":36},"end":{"line":11,"column":1}},"line":3}},"branchMap":{"0":{"loc":{"start":{"line":4,"column":2},"end":{"line":10,"column":3}},"type":"if","locations":[{"start":{"line":4,"column":2},"end":{"line":10,"column":3}},{"start":{"line":4,"column":2},"end":{"line":10,"column":3}}],"line":4}},"s":{"0":1,"1":1,"2":1,"3":1},"f":{"0":1},"b":{"0":[1,0]},"_coverageSchema":"1a1c01bbd47fc00a2c39e90264f33305004495a9","hash":"7aa9a27b26f8899f6186928de5f44b6bca850b18"}
}
