{"/home/arissatya/Desktop/HACKTIV8/phase 2/w3eCommerce/ecommerce-admin-server/app.js": {"path":"/home/arissatya/Desktop/HACKTIV8/phase 2/w3eCommerce/ecommerce-admin-server/app.js","statementMap":{"0":{"start":{"line":1,"column":16},"end":{"line":1,"column":34}},"1":{"start":{"line":2,"column":12},"end":{"line":2,"column":21}},"2":{"start":{"line":3,"column":13},"end":{"line":3,"column":28}},"3":{"start":{"line":5,"column":14},"end":{"line":5,"column":39}},"4":{"start":{"line":6,"column":21},"end":{"line":6,"column":58}},"5":{"start":{"line":8,"column":0},"end":{"line":8,"column":47}},"6":{"start":{"line":9,"column":0},"end":{"line":9,"column":23}},"7":{"start":{"line":10,"column":0},"end":{"line":10,"column":15}},"8":{"start":{"line":12,"column":0},"end":{"line":12,"column":19}},"9":{"start":{"line":13,"column":0},"end":{"line":13,"column":21}},"10":{"start":{"line":15,"column":13},"end":{"line":15,"column":37}},"11":{"start":{"line":17,"column":0},"end":{"line":17,"column":20}}},"fnMap":{},"branchMap":{"0":{"loc":{"start":{"line":15,"column":13},"end":{"line":15,"column":37}},"type":"binary-expr","locations":[{"start":{"line":15,"column":13},"end":{"line":15,"column":29}},{"start":{"line":15,"column":33},"end":{"line":15,"column":37}}],"line":15}},"s":{"0":2,"1":2,"2":2,"3":2,"4":2,"5":2,"6":2,"7":2,"8":2,"9":2,"10":2,"11":2},"f":{},"b":{"0":[2,2]},"_coverageSchema":"1a1c01bbd47fc00a2c39e90264f33305004495a9","hash":"05beca1460d831efff3bf97d5cfbc4404cbbfa50"}
,"/home/arissatya/Desktop/HACKTIV8/phase 2/w3eCommerce/ecommerce-admin-server/controllers/AdminController.js": {"path":"/home/arissatya/Desktop/HACKTIV8/phase 2/w3eCommerce/ecommerce-admin-server/controllers/AdminController.js","statementMap":{"0":{"start":{"line":1,"column":18},"end":{"line":1,"column":38}},"1":{"start":{"line":2,"column":28},"end":{"line":2,"column":62}},"2":{"start":{"line":3,"column":18},"end":{"line":3,"column":43}},"3":{"start":{"line":7,"column":4},"end":{"line":30,"column":5}},"4":{"start":{"line":8,"column":19},"end":{"line":10,"column":8}},"5":{"start":{"line":11,"column":6},"end":{"line":24,"column":7}},"6":{"start":{"line":12,"column":22},"end":{"line":12,"column":71}},"7":{"start":{"line":13,"column":8},"end":{"line":21,"column":9}},"8":{"start":{"line":14,"column":24},"end":{"line":14,"column":44}},"9":{"start":{"line":15,"column":31},"end":{"line":15,"column":49}},"10":{"start":{"line":16,"column":10},"end":{"line":18,"column":12}},"11":{"start":{"line":20,"column":10},"end":{"line":20,"column":19}},"12":{"start":{"line":23,"column":8},"end":{"line":23,"column":17}},"13":{"start":{"line":26,"column":6},"end":{"line":29,"column":8}},"14":{"start":{"line":34,"column":0},"end":{"line":34,"column":32}}},"fnMap":{"0":{"name":"(anonymous_0)","decl":{"start":{"line":6,"column":2},"end":{"line":6,"column":3}},"loc":{"start":{"line":6,"column":37},"end":{"line":31,"column":3}},"line":6}},"branchMap":{"0":{"loc":{"start":{"line":11,"column":6},"end":{"line":24,"column":7}},"type":"if","locations":[{"start":{"line":11,"column":6},"end":{"line":24,"column":7}},{"start":{"line":11,"column":6},"end":{"line":24,"column":7}}],"line":11},"1":{"loc":{"start":{"line":13,"column":8},"end":{"line":21,"column":9}},"type":"if","locations":[{"start":{"line":13,"column":8},"end":{"line":21,"column":9}},{"start":{"line":13,"column":8},"end":{"line":21,"column":9}}],"line":13}},"s":{"0":2,"1":2,"2":2,"3":4,"4":4,"5":4,"6":2,"7":2,"8":1,"9":1,"10":1,"11":1,"12":2,"13":3,"14":2},"f":{"0":4},"b":{"0":[2,2],"1":[1,1]},"_coverageSchema":"1a1c01bbd47fc00a2c39e90264f33305004495a9","hash":"5a6cb848a535b29e9bf248d961ec6a4280f17e1c"}
,"/home/arissatya/Desktop/HACKTIV8/phase 2/w3eCommerce/ecommerce-admin-server/controllers/ProductsController.js": {"path":"/home/arissatya/Desktop/HACKTIV8/phase 2/w3eCommerce/ecommerce-admin-server/controllers/ProductsController.js","statementMap":{"0":{"start":{"line":1,"column":20},"end":{"line":1,"column":40}},"1":{"start":{"line":5,"column":4},"end":{"line":10,"column":5}},"2":{"start":{"line":6,"column":19},"end":{"line":6,"column":42}},"3":{"start":{"line":7,"column":6},"end":{"line":7,"column":32}},"4":{"start":{"line":9,"column":6},"end":{"line":9,"column":15}},"5":{"start":{"line":14,"column":4},"end":{"line":29,"column":5}},"6":{"start":{"line":15,"column":19},"end":{"line":20,"column":8}},"7":{"start":{"line":21,"column":6},"end":{"line":21,"column":32}},"8":{"start":{"line":23,"column":20},"end":{"line":23,"column":31}},"9":{"start":{"line":24,"column":6},"end":{"line":24,"column":27}},"10":{"start":{"line":25,"column":6},"end":{"line":28,"column":8}},"11":{"start":{"line":33,"column":4},"end":{"line":46,"column":5}},"12":{"start":{"line":34,"column":19},"end":{"line":36,"column":8}},"13":{"start":{"line":37,"column":6},"end":{"line":39,"column":7}},"14":{"start":{"line":38,"column":8},"end":{"line":38,"column":17}},"15":{"start":{"line":40,"column":6},"end":{"line":40,"column":32}},"16":{"start":{"line":42,"column":6},"end":{"line":45,"column":8}},"17":{"start":{"line":50,"column":4},"end":{"line":61,"column":5}},"18":{"start":{"line":51,"column":19},"end":{"line":53,"column":8}},"19":{"start":{"line":54,"column":6},"end":{"line":54,"column":24}},"20":{"start":{"line":55,"column":6},"end":{"line":55,"column":32}},"21":{"start":{"line":57,"column":6},"end":{"line":60,"column":8}},"22":{"start":{"line":66,"column":0},"end":{"line":66,"column":34}}},"fnMap":{"0":{"name":"(anonymous_0)","decl":{"start":{"line":4,"column":2},"end":{"line":4,"column":3}},"loc":{"start":{"line":4,"column":44},"end":{"line":11,"column":3}},"line":4},"1":{"name":"(anonymous_1)","decl":{"start":{"line":13,"column":2},"end":{"line":13,"column":3}},"loc":{"start":{"line":13,"column":42},"end":{"line":30,"column":3}},"line":13},"2":{"name":"(anonymous_2)","decl":{"start":{"line":32,"column":2},"end":{"line":32,"column":3}},"loc":{"start":{"line":32,"column":45},"end":{"line":47,"column":3}},"line":32},"3":{"name":"(anonymous_3)","decl":{"start":{"line":49,"column":2},"end":{"line":49,"column":3}},"loc":{"start":{"line":49,"column":50},"end":{"line":62,"column":3}},"line":49}},"branchMap":{"0":{"loc":{"start":{"line":37,"column":6},"end":{"line":39,"column":7}},"type":"if","locations":[{"start":{"line":37,"column":6},"end":{"line":39,"column":7}},{"start":{"line":37,"column":6},"end":{"line":39,"column":7}}],"line":37}},"s":{"0":2,"1":1,"2":1,"3":1,"4":0,"5":4,"6":4,"7":1,"8":3,"9":3,"10":3,"11":2,"12":2,"13":2,"14":1,"15":1,"16":1,"17":1,"18":1,"19":1,"20":1,"21":0,"22":2},"f":{"0":1,"1":4,"2":2,"3":1},"b":{"0":[1,1]},"_coverageSchema":"1a1c01bbd47fc00a2c39e90264f33305004495a9","hash":"f11a60e008e03e8ee83f6965539d33b0c08eff99"}
,"/home/arissatya/Desktop/HACKTIV8/phase 2/w3eCommerce/ecommerce-admin-server/helpers/hashPassword.js": {"path":"/home/arissatya/Desktop/HACKTIV8/phase 2/w3eCommerce/ecommerce-admin-server/helpers/hashPassword.js","statementMap":{"0":{"start":{"line":1,"column":15},"end":{"line":1,"column":34}},"1":{"start":{"line":4,"column":15},"end":{"line":4,"column":37}},"2":{"start":{"line":5,"column":2},"end":{"line":5,"column":40}},"3":{"start":{"line":9,"column":2},"end":{"line":9,"column":43}},"4":{"start":{"line":12,"column":0},"end":{"line":12,"column":50}}},"fnMap":{"0":{"name":"hashPassword","decl":{"start":{"line":3,"column":9},"end":{"line":3,"column":21}},"loc":{"start":{"line":3,"column":32},"end":{"line":6,"column":1}},"line":3},"1":{"name":"comparePassword","decl":{"start":{"line":8,"column":9},"end":{"line":8,"column":24}},"loc":{"start":{"line":8,"column":41},"end":{"line":10,"column":1}},"line":8}},"branchMap":{},"s":{"0":2,"1":0,"2":0,"3":2,"4":2},"f":{"0":0,"1":2},"b":{},"_coverageSchema":"1a1c01bbd47fc00a2c39e90264f33305004495a9","hash":"58e0f4ef864aab79625c4e1e588987493a7ec3e4"}
,"/home/arissatya/Desktop/HACKTIV8/phase 2/w3eCommerce/ecommerce-admin-server/helpers/jwt.js": {"path":"/home/arissatya/Desktop/HACKTIV8/phase 2/w3eCommerce/ecommerce-admin-server/helpers/jwt.js","statementMap":{"0":{"start":{"line":1,"column":12},"end":{"line":1,"column":35}},"1":{"start":{"line":4,"column":16},"end":{"line":4,"column":44}},"2":{"start":{"line":5,"column":2},"end":{"line":12,"column":3}},"3":{"start":{"line":6,"column":4},"end":{"line":6,"column":16}},"4":{"start":{"line":8,"column":4},"end":{"line":11,"column":6}},"5":{"start":{"line":15,"column":0},"end":{"line":15,"column":26}}},"fnMap":{"0":{"name":"userToken","decl":{"start":{"line":3,"column":9},"end":{"line":3,"column":18}},"loc":{"start":{"line":3,"column":28},"end":{"line":13,"column":1}},"line":3}},"branchMap":{"0":{"loc":{"start":{"line":5,"column":2},"end":{"line":12,"column":3}},"type":"if","locations":[{"start":{"line":5,"column":2},"end":{"line":12,"column":3}},{"start":{"line":5,"column":2},"end":{"line":12,"column":3}}],"line":5}},"s":{"0":2,"1":2,"2":2,"3":2,"4":0,"5":2},"f":{"0":2},"b":{"0":[2,0]},"_coverageSchema":"1a1c01bbd47fc00a2c39e90264f33305004495a9","hash":"66c96c43622a8a48667a6bb7a10f8a7c4ba870ef"}
,"/home/arissatya/Desktop/HACKTIV8/phase 2/w3eCommerce/ecommerce-admin-server/middlewares/credentials.js": {"path":"/home/arissatya/Desktop/HACKTIV8/phase 2/w3eCommerce/ecommerce-admin-server/middlewares/credentials.js","statementMap":{"0":{"start":{"line":1,"column":12},"end":{"line":1,"column":35}},"1":{"start":{"line":2,"column":27},"end":{"line":2,"column":47}},"2":{"start":{"line":6,"column":18},"end":{"line":6,"column":65}},"3":{"start":{"line":8,"column":2},"end":{"line":34,"column":3}},"4":{"start":{"line":9,"column":4},"end":{"line":12,"column":6}},"5":{"start":{"line":14,"column":4},"end":{"line":33,"column":8}},"6":{"start":{"line":18,"column":8},"end":{"line":26,"column":9}},"7":{"start":{"line":19,"column":10},"end":{"line":19,"column":38}},"8":{"start":{"line":20,"column":10},"end":{"line":20,"column":16}},"9":{"start":{"line":22,"column":10},"end":{"line":25,"column":12}},"10":{"start":{"line":29,"column":8},"end":{"line":32,"column":10}},"11":{"start":{"line":40,"column":2},"end":{"line":53,"column":6}},"12":{"start":{"line":46,"column":6},"end":{"line":46,"column":12}},"13":{"start":{"line":49,"column":6},"end":{"line":52,"column":8}},"14":{"start":{"line":56,"column":0},"end":{"line":56,"column":44}}},"fnMap":{"0":{"name":"authenticate","decl":{"start":{"line":4,"column":9},"end":{"line":4,"column":21}},"loc":{"start":{"line":4,"column":38},"end":{"line":35,"column":1}},"line":4},"1":{"name":"(anonymous_1)","decl":{"start":{"line":17,"column":12},"end":{"line":17,"column":13}},"loc":{"start":{"line":17,"column":21},"end":{"line":27,"column":7}},"line":17},"2":{"name":"(anonymous_2)","decl":{"start":{"line":28,"column":13},"end":{"line":28,"column":14}},"loc":{"start":{"line":28,"column":20},"end":{"line":33,"column":7}},"line":28},"3":{"name":"authorize","decl":{"start":{"line":38,"column":9},"end":{"line":38,"column":18}},"loc":{"start":{"line":38,"column":35},"end":{"line":54,"column":1}},"line":38},"4":{"name":"(anonymous_4)","decl":{"start":{"line":45,"column":10},"end":{"line":45,"column":11}},"loc":{"start":{"line":45,"column":19},"end":{"line":47,"column":5}},"line":45},"5":{"name":"(anonymous_5)","decl":{"start":{"line":48,"column":11},"end":{"line":48,"column":12}},"loc":{"start":{"line":48,"column":18},"end":{"line":53,"column":5}},"line":48}},"branchMap":{"0":{"loc":{"start":{"line":8,"column":2},"end":{"line":34,"column":3}},"type":"if","locations":[{"start":{"line":8,"column":2},"end":{"line":34,"column":3}},{"start":{"line":8,"column":2},"end":{"line":34,"column":3}}],"line":8},"1":{"loc":{"start":{"line":18,"column":8},"end":{"line":26,"column":9}},"type":"if","locations":[{"start":{"line":18,"column":8},"end":{"line":26,"column":9}},{"start":{"line":18,"column":8},"end":{"line":26,"column":9}}],"line":18}},"s":{"0":2,"1":2,"2":11,"3":7,"4":0,"5":7,"6":7,"7":7,"8":7,"9":0,"10":0,"11":7,"12":7,"13":0,"14":2},"f":{"0":11,"1":7,"2":0,"3":7,"4":7,"5":0},"b":{"0":[0,7],"1":[7,0]},"_coverageSchema":"1a1c01bbd47fc00a2c39e90264f33305004495a9","hash":"1faa88ecc2d1b758ba8be5006d1f39c92ff146f4"}
,"/home/arissatya/Desktop/HACKTIV8/phase 2/w3eCommerce/ecommerce-admin-server/middlewares/errorHandler.js": {"path":"/home/arissatya/Desktop/HACKTIV8/phase 2/w3eCommerce/ecommerce-admin-server/middlewares/errorHandler.js","statementMap":{"0":{"start":{"line":2,"column":2},"end":{"line":2,"column":49}},"1":{"start":{"line":4,"column":19},"end":{"line":4,"column":29}},"2":{"start":{"line":5,"column":16},"end":{"line":5,"column":27}},"3":{"start":{"line":7,"column":2},"end":{"line":10,"column":3}},"4":{"start":{"line":8,"column":4},"end":{"line":8,"column":20}},"5":{"start":{"line":9,"column":4},"end":{"line":9,"column":25}},"6":{"start":{"line":12,"column":2},"end":{"line":14,"column":4}},"7":{"start":{"line":17,"column":0},"end":{"line":17,"column":29}}},"fnMap":{"0":{"name":"errorHandler","decl":{"start":{"line":1,"column":9},"end":{"line":1,"column":21}},"loc":{"start":{"line":1,"column":43},"end":{"line":15,"column":1}},"line":1}},"branchMap":{"0":{"loc":{"start":{"line":7,"column":2},"end":{"line":10,"column":3}},"type":"if","locations":[{"start":{"line":7,"column":2},"end":{"line":10,"column":3}},{"start":{"line":7,"column":2},"end":{"line":10,"column":3}}],"line":7}},"s":{"0":11,"1":11,"2":11,"3":11,"4":4,"5":4,"6":11,"7":2},"f":{"0":11},"b":{"0":[4,7]},"_coverageSchema":"1a1c01bbd47fc00a2c39e90264f33305004495a9","hash":"e1560f53d7937b8f594fc4d0d30260cf284c2d2a"}
,"/home/arissatya/Desktop/HACKTIV8/phase 2/w3eCommerce/ecommerce-admin-server/models/admin.js": {"path":"/home/arissatya/Desktop/HACKTIV8/phase 2/w3eCommerce/ecommerce-admin-server/models/admin.js","statementMap":{"0":{"start":{"line":4,"column":4},"end":{"line":4,"column":24}},"1":{"start":{"line":5,"column":0},"end":{"line":45,"column":2}},"2":{"start":{"line":16,"column":2},"end":{"line":43,"column":5}},"3":{"start":{"line":38,"column":8},"end":{"line":38,"column":51}},"4":{"start":{"line":44,"column":2},"end":{"line":44,"column":15}}},"fnMap":{"0":{"name":"(anonymous_0)","decl":{"start":{"line":5,"column":17},"end":{"line":5,"column":18}},"loc":{"start":{"line":5,"column":43},"end":{"line":45,"column":1}},"line":5},"1":{"name":"(anonymous_1)","decl":{"start":{"line":12,"column":4},"end":{"line":12,"column":5}},"loc":{"start":{"line":12,"column":29},"end":{"line":14,"column":5}},"line":12},"2":{"name":"(anonymous_2)","decl":{"start":{"line":37,"column":6},"end":{"line":37,"column":7}},"loc":{"start":{"line":37,"column":25},"end":{"line":39,"column":7}},"line":37}},"branchMap":{},"s":{"0":2,"1":2,"2":2,"3":0,"4":2},"f":{"0":2,"1":2,"2":0},"b":{},"_coverageSchema":"1a1c01bbd47fc00a2c39e90264f33305004495a9","hash":"ad3c6e9a84c8f55216109ae9cb68e0cd0fd93a3c"}
,"/home/arissatya/Desktop/HACKTIV8/phase 2/w3eCommerce/ecommerce-admin-server/models/index.js": {"path":"/home/arissatya/Desktop/HACKTIV8/phase 2/w3eCommerce/ecommerce-admin-server/models/index.js","statementMap":{"0":{"start":{"line":3,"column":11},"end":{"line":3,"column":24}},"1":{"start":{"line":4,"column":13},"end":{"line":4,"column":28}},"2":{"start":{"line":5,"column":18},"end":{"line":5,"column":38}},"3":{"start":{"line":6,"column":17},"end":{"line":6,"column":42}},"4":{"start":{"line":7,"column":12},"end":{"line":7,"column":49}},"5":{"start":{"line":8,"column":15},"end":{"line":8,"column":65}},"6":{"start":{"line":9,"column":11},"end":{"line":9,"column":13}},"7":{"start":{"line":12,"column":0},"end":{"line":16,"column":1}},"8":{"start":{"line":13,"column":2},"end":{"line":13,"column":74}},"9":{"start":{"line":15,"column":2},"end":{"line":15,"column":87}},"10":{"start":{"line":18,"column":0},"end":{"line":26,"column":5}},"11":{"start":{"line":21,"column":4},"end":{"line":21,"column":90}},"12":{"start":{"line":24,"column":18},"end":{"line":24,"column":85}},"13":{"start":{"line":25,"column":4},"end":{"line":25,"column":27}},"14":{"start":{"line":28,"column":0},"end":{"line":32,"column":3}},"15":{"start":{"line":29,"column":2},"end":{"line":31,"column":3}},"16":{"start":{"line":30,"column":4},"end":{"line":30,"column":32}},"17":{"start":{"line":34,"column":0},"end":{"line":34,"column":25}},"18":{"start":{"line":35,"column":0},"end":{"line":35,"column":25}},"19":{"start":{"line":37,"column":0},"end":{"line":37,"column":20}}},"fnMap":{"0":{"name":"(anonymous_0)","decl":{"start":{"line":20,"column":10},"end":{"line":20,"column":11}},"loc":{"start":{"line":20,"column":18},"end":{"line":22,"column":3}},"line":20},"1":{"name":"(anonymous_1)","decl":{"start":{"line":23,"column":11},"end":{"line":23,"column":12}},"loc":{"start":{"line":23,"column":19},"end":{"line":26,"column":3}},"line":23},"2":{"name":"(anonymous_2)","decl":{"start":{"line":28,"column":24},"end":{"line":28,"column":25}},"loc":{"start":{"line":28,"column":37},"end":{"line":32,"column":1}},"line":28}},"branchMap":{"0":{"loc":{"start":{"line":7,"column":12},"end":{"line":7,"column":49}},"type":"binary-expr","locations":[{"start":{"line":7,"column":12},"end":{"line":7,"column":32}},{"start":{"line":7,"column":36},"end":{"line":7,"column":49}}],"line":7},"1":{"loc":{"start":{"line":12,"column":0},"end":{"line":16,"column":1}},"type":"if","locations":[{"start":{"line":12,"column":0},"end":{"line":16,"column":1}},{"start":{"line":12,"column":0},"end":{"line":16,"column":1}}],"line":12},"2":{"loc":{"start":{"line":21,"column":11},"end":{"line":21,"column":89}},"type":"binary-expr","locations":[{"start":{"line":21,"column":12},"end":{"line":21,"column":35}},{"start":{"line":21,"column":41},"end":{"line":21,"column":58}},{"start":{"line":21,"column":64},"end":{"line":21,"column":88}}],"line":21},"3":{"loc":{"start":{"line":29,"column":2},"end":{"line":31,"column":3}},"type":"if","locations":[{"start":{"line":29,"column":2},"end":{"line":31,"column":3}},{"start":{"line":29,"column":2},"end":{"line":31,"column":3}}],"line":29}},"s":{"0":2,"1":2,"2":2,"3":2,"4":2,"5":2,"6":2,"7":2,"8":0,"9":2,"10":2,"11":8,"12":6,"13":6,"14":2,"15":6,"16":6,"17":2,"18":2,"19":2},"f":{"0":8,"1":6,"2":6},"b":{"0":[2,0],"1":[0,2],"2":[8,8,6],"3":[6,0]},"_coverageSchema":"1a1c01bbd47fc00a2c39e90264f33305004495a9","hash":"1964e183c982e6bb549b514368f318d541dc8213"}
,"/home/arissatya/Desktop/HACKTIV8/phase 2/w3eCommerce/ecommerce-admin-server/models/product.js": {"path":"/home/arissatya/Desktop/HACKTIV8/phase 2/w3eCommerce/ecommerce-admin-server/models/product.js","statementMap":{"0":{"start":{"line":4,"column":4},"end":{"line":4,"column":24}},"1":{"start":{"line":5,"column":0},"end":{"line":78,"column":2}},"2":{"start":{"line":16,"column":2},"end":{"line":76,"column":5}},"3":{"start":{"line":25,"column":10},"end":{"line":27,"column":11}},"4":{"start":{"line":26,"column":12},"end":{"line":26,"column":61}},"5":{"start":{"line":39,"column":10},"end":{"line":41,"column":11}},"6":{"start":{"line":40,"column":12},"end":{"line":40,"column":61}},"7":{"start":{"line":53,"column":10},"end":{"line":55,"column":11}},"8":{"start":{"line":54,"column":12},"end":{"line":54,"column":58}},"9":{"start":{"line":67,"column":10},"end":{"line":69,"column":11}},"10":{"start":{"line":68,"column":12},"end":{"line":68,"column":58}},"11":{"start":{"line":77,"column":2},"end":{"line":77,"column":17}}},"fnMap":{"0":{"name":"(anonymous_0)","decl":{"start":{"line":5,"column":17},"end":{"line":5,"column":18}},"loc":{"start":{"line":5,"column":43},"end":{"line":78,"column":1}},"line":5},"1":{"name":"(anonymous_1)","decl":{"start":{"line":12,"column":4},"end":{"line":12,"column":5}},"loc":{"start":{"line":12,"column":29},"end":{"line":14,"column":5}},"line":12},"2":{"name":"(anonymous_2)","decl":{"start":{"line":24,"column":8},"end":{"line":24,"column":9}},"loc":{"start":{"line":24,"column":30},"end":{"line":28,"column":9}},"line":24},"3":{"name":"(anonymous_3)","decl":{"start":{"line":38,"column":8},"end":{"line":38,"column":9}},"loc":{"start":{"line":38,"column":26},"end":{"line":42,"column":9}},"line":38},"4":{"name":"(anonymous_4)","decl":{"start":{"line":52,"column":8},"end":{"line":52,"column":9}},"loc":{"start":{"line":52,"column":26},"end":{"line":56,"column":9}},"line":52},"5":{"name":"(anonymous_5)","decl":{"start":{"line":66,"column":8},"end":{"line":66,"column":9}},"loc":{"start":{"line":66,"column":26},"end":{"line":70,"column":9}},"line":66}},"branchMap":{"0":{"loc":{"start":{"line":25,"column":10},"end":{"line":27,"column":11}},"type":"if","locations":[{"start":{"line":25,"column":10},"end":{"line":27,"column":11}},{"start":{"line":25,"column":10},"end":{"line":27,"column":11}}],"line":25},"1":{"loc":{"start":{"line":39,"column":10},"end":{"line":41,"column":11}},"type":"if","locations":[{"start":{"line":39,"column":10},"end":{"line":41,"column":11}},{"start":{"line":39,"column":10},"end":{"line":41,"column":11}}],"line":39},"2":{"loc":{"start":{"line":53,"column":10},"end":{"line":55,"column":11}},"type":"if","locations":[{"start":{"line":53,"column":10},"end":{"line":55,"column":11}},{"start":{"line":53,"column":10},"end":{"line":55,"column":11}}],"line":53},"3":{"loc":{"start":{"line":67,"column":10},"end":{"line":69,"column":11}},"type":"if","locations":[{"start":{"line":67,"column":10},"end":{"line":69,"column":11}},{"start":{"line":67,"column":10},"end":{"line":69,"column":11}}],"line":67}},"s":{"0":2,"1":2,"2":2,"3":5,"4":1,"5":5,"6":1,"7":5,"8":1,"9":5,"10":1,"11":2},"f":{"0":2,"1":2,"2":5,"3":5,"4":5,"5":5},"b":{"0":[1,4],"1":[1,4],"2":[1,4],"3":[1,4]},"_coverageSchema":"1a1c01bbd47fc00a2c39e90264f33305004495a9","hash":"94a613943e63095f58030e7148274def106f5962"}
,"/home/arissatya/Desktop/HACKTIV8/phase 2/w3eCommerce/ecommerce-admin-server/models/user.js": {"path":"/home/arissatya/Desktop/HACKTIV8/phase 2/w3eCommerce/ecommerce-admin-server/models/user.js","statementMap":{"0":{"start":{"line":4,"column":4},"end":{"line":4,"column":24}},"1":{"start":{"line":6,"column":25},"end":{"line":6,"column":59}},"2":{"start":{"line":8,"column":0},"end":{"line":49,"column":2}},"3":{"start":{"line":19,"column":2},"end":{"line":47,"column":5}},"4":{"start":{"line":42,"column":8},"end":{"line":42,"column":51}},"5":{"start":{"line":48,"column":2},"end":{"line":48,"column":14}}},"fnMap":{"0":{"name":"(anonymous_0)","decl":{"start":{"line":8,"column":17},"end":{"line":8,"column":18}},"loc":{"start":{"line":8,"column":43},"end":{"line":49,"column":1}},"line":8},"1":{"name":"(anonymous_1)","decl":{"start":{"line":15,"column":4},"end":{"line":15,"column":5}},"loc":{"start":{"line":15,"column":29},"end":{"line":17,"column":5}},"line":15},"2":{"name":"(anonymous_2)","decl":{"start":{"line":41,"column":6},"end":{"line":41,"column":7}},"loc":{"start":{"line":41,"column":25},"end":{"line":43,"column":7}},"line":41}},"branchMap":{},"s":{"0":2,"1":2,"2":2,"3":2,"4":0,"5":2},"f":{"0":2,"1":2,"2":0},"b":{},"_coverageSchema":"1a1c01bbd47fc00a2c39e90264f33305004495a9","hash":"d3bc64439b22f74899d863a04e13006f57fbf4f2"}
,"/home/arissatya/Desktop/HACKTIV8/phase 2/w3eCommerce/ecommerce-admin-server/routes/admin.js": {"path":"/home/arissatya/Desktop/HACKTIV8/phase 2/w3eCommerce/ecommerce-admin-server/routes/admin.js","statementMap":{"0":{"start":{"line":1,"column":16},"end":{"line":1,"column":34}},"1":{"start":{"line":2,"column":15},"end":{"line":2,"column":31}},"2":{"start":{"line":4,"column":24},"end":{"line":4,"column":65}},"3":{"start":{"line":6,"column":0},"end":{"line":6,"column":39}},"4":{"start":{"line":9,"column":0},"end":{"line":9,"column":23}}},"fnMap":{},"branchMap":{},"s":{"0":2,"1":2,"2":2,"3":2,"4":2},"f":{},"b":{},"_coverageSchema":"1a1c01bbd47fc00a2c39e90264f33305004495a9","hash":"8499ea5f6698d2cdc463a24397d59f46695188f7"}
,"/home/arissatya/Desktop/HACKTIV8/phase 2/w3eCommerce/ecommerce-admin-server/routes/index.js": {"path":"/home/arissatya/Desktop/HACKTIV8/phase 2/w3eCommerce/ecommerce-admin-server/routes/index.js","statementMap":{"0":{"start":{"line":1,"column":16},"end":{"line":1,"column":34}},"1":{"start":{"line":2,"column":15},"end":{"line":2,"column":31}},"2":{"start":{"line":4,"column":17},"end":{"line":4,"column":38}},"3":{"start":{"line":5,"column":14},"end":{"line":5,"column":32}},"4":{"start":{"line":7,"column":0},"end":{"line":7,"column":33}},"5":{"start":{"line":8,"column":0},"end":{"line":8,"column":27}},"6":{"start":{"line":10,"column":0},"end":{"line":10,"column":23}}},"fnMap":{},"branchMap":{},"s":{"0":2,"1":2,"2":2,"3":2,"4":2,"5":2,"6":2},"f":{},"b":{},"_coverageSchema":"1a1c01bbd47fc00a2c39e90264f33305004495a9","hash":"2a3efc0154de71423e24271735e1ed1017f5918d"}
,"/home/arissatya/Desktop/HACKTIV8/phase 2/w3eCommerce/ecommerce-admin-server/routes/products.js": {"path":"/home/arissatya/Desktop/HACKTIV8/phase 2/w3eCommerce/ecommerce-admin-server/routes/products.js","statementMap":{"0":{"start":{"line":1,"column":16},"end":{"line":1,"column":34}},"1":{"start":{"line":2,"column":15},"end":{"line":2,"column":31}},"2":{"start":{"line":4,"column":26},"end":{"line":4,"column":70}},"3":{"start":{"line":5,"column":36},"end":{"line":5,"column":73}},"4":{"start":{"line":7,"column":0},"end":{"line":7,"column":47}},"5":{"start":{"line":8,"column":0},"end":{"line":8,"column":71}},"6":{"start":{"line":9,"column":0},"end":{"line":9,"column":86}},"7":{"start":{"line":10,"column":0},"end":{"line":10,"column":88}},"8":{"start":{"line":14,"column":0},"end":{"line":14,"column":23}}},"fnMap":{},"branchMap":{},"s":{"0":2,"1":2,"2":2,"3":2,"4":2,"5":2,"6":2,"7":2,"8":2},"f":{},"b":{},"_coverageSchema":"1a1c01bbd47fc00a2c39e90264f33305004495a9","hash":"0836b6aada7c62338953528dc0bb6a9e3689b750"}
}
