TN:
SF:app.js
FNF:0
FNH:0
DA:1,3
DA:2,3
DA:3,3
DA:4,3
DA:5,3
DA:6,3
DA:7,3
DA:8,3
DA:9,3
DA:10,3
DA:11,3
LF:11
LH:11
BRF:0
BRH:0
end_of_record
TN:
SF:controllers/controllerChart.js
FN:4,(anonymous_0)
FN:70,(anonymous_1)
FN:88,(anonymous_2)
FN:109,(anonymous_3)
FNF:4
FNH:3
FNDA:1,(anonymous_0)
FNDA:1,(anonymous_1)
FNDA:1,(anonymous_2)
FNDA:0,(anonymous_3)
DA:1,3
DA:5,1
DA:14,1
DA:15,1
DA:16,1
DA:17,1
DA:20,1
DA:21,1
DA:31,1
DA:32,0
DA:33,0
DA:36,0
DA:39,0
DA:41,0
DA:46,0
DA:54,1
DA:55,1
DA:56,1
DA:58,0
DA:64,0
DA:65,0
DA:71,1
DA:72,1
DA:73,1
DA:80,1
DA:84,0
DA:85,0
DA:89,1
DA:91,1
DA:97,1
DA:98,1
DA:102,0
DA:105,0
DA:106,0
DA:110,0
DA:111,0
DA:116,0
DA:126,0
DA:127,0
DA:128,0
DA:129,0
DA:134,0
DA:138,0
DA:141,0
DA:144,0
DA:148,3
LF:46
LH:21
BRDA:31,0,0,0
BRDA:31,0,1,1
BRDA:36,1,0,0
BRDA:36,1,1,0
BRDA:97,2,0,1
BRDA:97,2,1,0
BRDA:126,3,0,0
BRDA:126,3,1,0
BRDA:127,4,0,0
BRDA:127,4,1,0
BRF:10
BRH:2
end_of_record
TN:
SF:controllers/controllerProduct.js
FN:5,(anonymous_0)
FN:13,(anonymous_1)
FN:21,(anonymous_2)
FN:33,(anonymous_3)
FN:54,(anonymous_4)
FNF:5
FNH:5
FNDA:1,(anonymous_0)
FNDA:1,(anonymous_1)
FNDA:3,(anonymous_2)
FNDA:2,(anonymous_3)
FNDA:3,(anonymous_4)
DA:1,3
DA:6,1
DA:7,1
DA:8,1
DA:10,0
DA:14,1
DA:15,1
DA:16,1
DA:18,0
DA:22,3
DA:23,3
DA:25,3
DA:26,3
DA:28,1
DA:30,2
DA:34,2
DA:35,2
DA:36,2
DA:37,2
DA:38,1
DA:40,1
DA:45,1
DA:51,1
DA:55,3
DA:56,3
DA:57,3
DA:58,0
DA:60,3
DA:65,1
DA:70,2
DA:76,3
LF:31
LH:28
BRDA:37,0,0,1
BRDA:37,0,1,1
BRDA:57,1,0,0
BRDA:57,1,1,3
BRF:4
BRH:3
end_of_record
TN:
SF:controllers/controllerUser.js
FN:6,(anonymous_0)
FN:34,(anonymous_1)
FNF:2
FNH:2
FNDA:3,(anonymous_0)
FNDA:5,(anonymous_1)
DA:1,3
DA:2,3
DA:3,3
DA:8,3
DA:9,3
DA:10,3
DA:15,3
DA:16,3
DA:17,1
DA:18,2
DA:19,1
DA:21,1
DA:24,1
DA:25,1
DA:30,2
DA:31,2
DA:35,5
DA:36,5
DA:37,5
DA:39,5
DA:43,5
DA:44,1
DA:46,4
DA:47,4
DA:52,1
DA:53,1
DA:60,4
DA:61,4
DA:66,3
LF:29
LH:29
BRDA:15,0,0,2
BRDA:15,0,1,1
BRDA:16,1,0,1
BRDA:16,1,1,2
BRDA:18,2,0,1
BRDA:18,2,1,1
BRDA:43,3,0,1
BRDA:43,3,1,4
BRDA:52,4,0,1
BRDA:52,4,1,0
BRF:10
BRH:9
end_of_record
TN:
SF:helpers/bcrypt.js
FN:3,hashPassword
FN:9,comparePassword
FNF:2
FNH:2
FNDA:1,hashPassword
FNDA:2,comparePassword
DA:1,3
DA:4,1
DA:5,1
DA:6,1
DA:10,2
DA:14,3
LF:6
LH:6
BRF:0
BRH:0
end_of_record
TN:
SF:helpers/jwt.js
FN:3,signToken
FN:8,verifyToken
FNF:2
FNH:2
FNDA:1,signToken
FNDA:11,verifyToken
DA:1,3
DA:4,1
DA:5,1
DA:9,11
DA:10,11
DA:13,3
LF:6
LH:6
BRF:0
BRH:0
end_of_record
TN:
SF:midlewares/auth.js
FN:4,authentication
FN:30,isAdmin
FNF:2
FNH:2
FNDA:11,authentication
FNDA:8,isAdmin
DA:1,3
DA:2,3
DA:5,11
DA:6,11
DA:7,11
DA:8,0
DA:10,11
DA:11,11
DA:12,11
DA:17,11
DA:18,0
DA:20,11
DA:21,11
DA:25,0
DA:32,8
DA:33,8
DA:34,8
DA:35,8
DA:36,0
DA:38,8
DA:41,0
DA:49,3
LF:22
LH:17
BRDA:7,0,0,0
BRDA:7,0,1,11
BRDA:17,1,0,0
BRDA:17,1,1,11
BRDA:35,2,0,0
BRDA:35,2,1,8
BRF:6
BRH:3
end_of_record
TN:
SF:midlewares/errorHandler.js
FN:1,(anonymous_0)
FN:5,(anonymous_1)
FNF:2
FNH:2
FNDA:11,(anonymous_0)
FNDA:18,(anonymous_1)
DA:1,3
DA:2,11
DA:4,7
DA:5,18
DA:8,7
DA:11,7
DA:13,0
DA:17,0
DA:19,0
DA:23,0
DA:25,0
DA:29,0
DA:31,2
DA:34,2
DA:36,1
DA:39,1
DA:41,0
DA:44,0
DA:46,1
DA:50,1
DA:52,0
DA:57,3
LF:22
LH:13
BRDA:2,0,0,7
BRDA:2,0,1,0
BRDA:2,0,2,0
BRDA:2,0,3,0
BRDA:2,0,4,2
BRDA:2,0,5,1
BRDA:2,0,6,0
BRDA:2,0,7,1
BRDA:2,0,8,0
BRF:9
BRH:4
end_of_record
TN:
SF:models/chart.js
FN:5,(anonymous_0)
FN:12,(anonymous_1)
FNF:2
FNH:2
FNDA:3,(anonymous_0)
FNDA:3,(anonymous_1)
DA:4,3
DA:5,3
DA:14,3
DA:15,3
DA:18,3
DA:26,3
LF:6
LH:6
BRF:0
BRH:0
end_of_record
TN:
SF:models/index.js
FN:20,(anonymous_0)
FN:23,(anonymous_1)
FN:28,(anonymous_2)
FNF:3
FNH:3
FNDA:12,(anonymous_0)
FNDA:9,(anonymous_1)
FNDA:9,(anonymous_2)
DA:3,3
DA:4,3
DA:5,3
DA:6,3
DA:7,3
DA:8,3
DA:9,3
DA:12,3
DA:13,0
DA:15,3
DA:18,3
DA:21,12
DA:24,9
DA:25,9
DA:28,3
DA:29,9
DA:30,9
DA:34,3
DA:35,3
DA:37,3
LF:20
LH:19
BRDA:7,0,0,3
BRDA:7,0,1,0
BRDA:12,1,0,0
BRDA:12,1,1,3
BRDA:21,2,0,12
BRDA:21,2,1,12
BRDA:21,2,2,9
BRDA:29,3,0,9
BRDA:29,3,1,0
BRF:9
BRH:6
end_of_record
TN:
SF:models/product.js
FN:5,(anonymous_0)
FN:12,(anonymous_1)
FNF:2
FNH:2
FNDA:3,(anonymous_0)
FNDA:3,(anonymous_1)
DA:4,3
DA:5,3
DA:16,3
DA:63,3
LF:4
LH:4
BRF:0
BRH:0
end_of_record
TN:
SF:models/user.js
FN:6,(anonymous_0)
FN:13,(anonymous_1)
FN:55,(anonymous_2)
FNF:3
FNH:3
FNDA:3,(anonymous_0)
FNDA:3,(anonymous_1)
FNDA:1,(anonymous_2)
DA:4,3
DA:5,3
DA:6,3
DA:17,3
DA:56,1
DA:63,3
LF:6
LH:6
BRF:0
BRH:0
end_of_record
TN:
SF:routes/chartRouter.js
FNF:0
FNH:0
DA:1,3
DA:2,3
DA:4,3
DA:5,3
DA:7,3
DA:8,3
DA:9,3
DA:10,3
DA:12,3
LF:9
LH:9
BRF:0
BRH:0
end_of_record
TN:
SF:routes/index.js
FN:8,(anonymous_0)
FNF:1
FNH:0
FNDA:0,(anonymous_0)
DA:1,3
DA:2,3
DA:4,3
DA:5,3
DA:6,3
DA:8,3
DA:9,0
DA:11,3
DA:12,3
DA:13,3
DA:15,3
LF:11
LH:10
BRF:0
BRH:0
end_of_record
TN:
SF:routes/productRouter.js
FNF:0
FNH:0
DA:1,3
DA:2,3
DA:4,3
DA:5,3
DA:6,3
DA:7,3
DA:8,3
DA:9,3
DA:10,3
DA:12,3
LF:10
LH:10
BRF:0
BRH:0
end_of_record
TN:
SF:routes/userRouter.js
FNF:0
FNH:0
DA:1,3
DA:2,3
DA:4,3
DA:6,3
DA:7,3
DA:9,3
LF:6
LH:6
BRF:0
BRH:0
end_of_record
TN:
SF:tests/helpers/cart-helpers.js
FN:3,clearChartsDatabase
FNF:1
FNH:1
FNDA:1,clearChartsDatabase
DA:1,1
DA:4,1
DA:5,1
DA:9,1
LF:4
LH:4
BRDA:4,0,0,1
BRDA:4,0,1,0
BRF:2
BRH:1
end_of_record
TN:
SF:tests/helpers/product-helpers.js
FN:3,clearProductsDatabase
FNF:1
FNH:1
FNDA:2,clearProductsDatabase
DA:1,2
DA:4,2
DA:5,2
DA:9,2
LF:4
LH:4
BRDA:4,0,0,2
BRDA:4,0,1,0
BRF:2
BRH:1
end_of_record
TN:
SF:tests/helpers/user-helpers.js
FN:3,clearUsersDatabase
FNF:1
FNH:1
FNDA:1,clearUsersDatabase
DA:1,1
DA:4,1
DA:5,1
DA:13,1
LF:4
LH:4
BRDA:4,0,0,1
BRDA:4,0,1,0
BRF:2
BRH:1
end_of_record
