TN:
SF:app.js
FNF:0
FNH:0
DA:1,2
DA:2,2
DA:3,2
DA:5,2
DA:6,2
DA:8,2
DA:9,2
DA:10,2
DA:12,2
DA:13,2
DA:15,2
DA:17,2
LF:12
LH:12
BRDA:15,0,0,2
BRDA:15,0,1,2
BRF:2
BRH:2
end_of_record
TN:
SF:controllers/AdminController.js
FN:6,(anonymous_0)
FNF:1
FNH:1
FNDA:4,(anonymous_0)
DA:1,2
DA:2,2
DA:3,2
DA:7,4
DA:8,4
DA:11,4
DA:12,2
DA:13,2
DA:14,1
DA:15,1
DA:16,1
DA:20,1
DA:23,2
DA:26,3
DA:34,2
LF:15
LH:15
BRDA:11,0,0,2
BRDA:11,0,1,2
BRDA:13,1,0,1
BRDA:13,1,1,1
BRF:4
BRH:4
end_of_record
TN:
SF:controllers/ProductsController.js
FN:4,(anonymous_0)
FN:13,(anonymous_1)
FN:32,(anonymous_2)
FN:49,(anonymous_3)
FNF:4
FNH:4
FNDA:1,(anonymous_0)
FNDA:4,(anonymous_1)
FNDA:2,(anonymous_2)
FNDA:1,(anonymous_3)
DA:1,2
DA:5,1
DA:6,1
DA:7,1
DA:9,0
DA:14,4
DA:15,4
DA:21,1
DA:23,3
DA:24,3
DA:25,3
DA:33,2
DA:34,2
DA:37,2
DA:38,1
DA:40,1
DA:42,1
DA:50,1
DA:51,1
DA:54,1
DA:55,1
DA:57,0
DA:66,2
LF:23
LH:21
BRDA:37,0,0,1
BRDA:37,0,1,1
BRF:2
BRH:2
end_of_record
TN:
SF:helpers/hashPassword.js
FN:3,hashPassword
FN:8,comparePassword
FNF:2
FNH:1
FNDA:0,hashPassword
FNDA:2,comparePassword
DA:1,2
DA:4,0
DA:5,0
DA:9,2
DA:12,2
LF:5
LH:3
BRF:0
BRH:0
end_of_record
TN:
SF:helpers/jwt.js
FN:3,userToken
FNF:1
FNH:1
FNDA:2,userToken
DA:1,2
DA:4,2
DA:5,2
DA:6,2
DA:8,0
DA:15,2
LF:6
LH:5
BRDA:5,0,0,2
BRDA:5,0,1,0
BRF:2
BRH:1
end_of_record
TN:
SF:middlewares/credentials.js
FN:4,authenticate
FN:17,(anonymous_1)
FN:28,(anonymous_2)
FN:38,authorize
FN:45,(anonymous_4)
FN:48,(anonymous_5)
FNF:6
FNH:4
FNDA:11,authenticate
FNDA:7,(anonymous_1)
FNDA:0,(anonymous_2)
FNDA:7,authorize
FNDA:7,(anonymous_4)
FNDA:0,(anonymous_5)
DA:1,2
DA:2,2
DA:6,11
DA:8,7
DA:9,0
DA:14,7
DA:18,7
DA:19,7
DA:20,7
DA:22,0
DA:29,0
DA:40,7
DA:46,7
DA:49,0
DA:56,2
LF:15
LH:11
BRDA:8,0,0,0
BRDA:8,0,1,7
BRDA:18,1,0,7
BRDA:18,1,1,0
BRF:4
BRH:2
end_of_record
TN:
SF:middlewares/errorHandler.js
FN:1,errorHandler
FNF:1
FNH:1
FNDA:11,errorHandler
DA:2,11
DA:4,11
DA:5,11
DA:7,11
DA:8,4
DA:9,4
DA:12,11
DA:17,2
LF:8
LH:8
BRDA:7,0,0,4
BRDA:7,0,1,7
BRF:2
BRH:2
end_of_record
TN:
SF:models/admin.js
FN:5,(anonymous_0)
FN:12,(anonymous_1)
FN:37,(anonymous_2)
FNF:3
FNH:2
FNDA:2,(anonymous_0)
FNDA:2,(anonymous_1)
FNDA:0,(anonymous_2)
DA:4,2
DA:5,2
DA:16,2
DA:38,0
DA:44,2
LF:5
LH:4
BRF:0
BRH:0
end_of_record
TN:
SF:models/index.js
FN:20,(anonymous_0)
FN:23,(anonymous_1)
FN:28,(anonymous_2)
FNF:3
FNH:3
FNDA:8,(anonymous_0)
FNDA:6,(anonymous_1)
FNDA:6,(anonymous_2)
DA:3,2
DA:4,2
DA:5,2
DA:6,2
DA:7,2
DA:8,2
DA:9,2
DA:12,2
DA:13,0
DA:15,2
DA:18,2
DA:21,8
DA:24,6
DA:25,6
DA:28,2
DA:29,6
DA:30,6
DA:34,2
DA:35,2
DA:37,2
LF:20
LH:19
BRDA:7,0,0,2
BRDA:7,0,1,0
BRDA:12,1,0,0
BRDA:12,1,1,2
BRDA:21,2,0,8
BRDA:21,2,1,8
BRDA:21,2,2,6
BRDA:29,3,0,6
BRDA:29,3,1,0
BRF:9
BRH:6
end_of_record
TN:
SF:models/product.js
FN:5,(anonymous_0)
FN:12,(anonymous_1)
FN:24,(anonymous_2)
FN:38,(anonymous_3)
FN:52,(anonymous_4)
FN:66,(anonymous_5)
FNF:6
FNH:6
FNDA:2,(anonymous_0)
FNDA:2,(anonymous_1)
FNDA:5,(anonymous_2)
FNDA:5,(anonymous_3)
FNDA:5,(anonymous_4)
FNDA:5,(anonymous_5)
DA:4,2
DA:5,2
DA:16,2
DA:25,5
DA:26,1
DA:39,5
DA:40,1
DA:53,5
DA:54,1
DA:67,5
DA:68,1
DA:77,2
LF:12
LH:12
BRDA:25,0,0,1
BRDA:25,0,1,4
BRDA:39,1,0,1
BRDA:39,1,1,4
BRDA:53,2,0,1
BRDA:53,2,1,4
BRDA:67,3,0,1
BRDA:67,3,1,4
BRF:8
BRH:8
end_of_record
TN:
SF:models/user.js
FN:8,(anonymous_0)
FN:15,(anonymous_1)
FN:41,(anonymous_2)
FNF:3
FNH:2
FNDA:2,(anonymous_0)
FNDA:2,(anonymous_1)
FNDA:0,(anonymous_2)
DA:4,2
DA:6,2
DA:8,2
DA:19,2
DA:42,0
DA:48,2
LF:6
LH:5
BRF:0
BRH:0
end_of_record
TN:
SF:routes/admin.js
FNF:0
FNH:0
DA:1,2
DA:2,2
DA:4,2
DA:6,2
DA:9,2
LF:5
LH:5
BRF:0
BRH:0
end_of_record
TN:
SF:routes/index.js
FNF:0
FNH:0
DA:1,2
DA:2,2
DA:4,2
DA:5,2
DA:7,2
DA:8,2
DA:10,2
LF:7
LH:7
BRF:0
BRH:0
end_of_record
TN:
SF:routes/products.js
FNF:0
FNH:0
DA:1,2
DA:2,2
DA:4,2
DA:5,2
DA:7,2
DA:8,2
DA:9,2
DA:10,2
DA:14,2
LF:9
LH:9
BRF:0
BRH:0
end_of_record
